Using pre-set license
Built from '2021.3/staging' branch; Version is '2021.3.16f1 (4016570cf34f) revision 4200023'; Using compiler version '192829333'; Build Type 'Release'
OS: 'Windows 10  (10.0.19045) 64bit Core' Language: 'ru' Physical Memory: 8151 MB
BatchMode: 1, IsHumanControllingUs: 0, StartBugReporterOnCrash: 0, Is64bit: 1, IsPro: 1

COMMAND LINE ARGUMENTS:
D:\Unity\2021.3.16f1\Editor\Unity.exe
-adb2
-batchMode
-noUpm
-name
AssetImportWorker0
-projectPath
C:/Users/Genius/UnRoom
-logFile
Logs/AssetImportWorker0.log
-srvPort
55916
Successfully changed project path to: C:/Users/Genius/UnRoom
C:/Users/Genius/UnRoom
[UnityMemory] Configuration Parameters - Can be set up in boot.config
    "memorysetup-bucket-allocator-granularity=16"
    "memorysetup-bucket-allocator-bucket-count=8"
    "memorysetup-bucket-allocator-block-size=33554432"
    "memorysetup-bucket-allocator-block-count=8"
    "memorysetup-main-allocator-block-size=16777216"
    "memorysetup-thread-allocator-block-size=16777216"
    "memorysetup-gfx-main-allocator-block-size=16777216"
    "memorysetup-gfx-thread-allocator-block-size=16777216"
    "memorysetup-cache-allocator-block-size=4194304"
    "memorysetup-typetree-allocator-block-size=2097152"
    "memorysetup-profiler-bucket-allocator-granularity=16"
    "memorysetup-profiler-bucket-allocator-bucket-count=8"
    "memorysetup-profiler-bucket-allocator-block-size=33554432"
    "memorysetup-profiler-bucket-allocator-block-count=8"
    "memorysetup-profiler-allocator-block-size=16777216"
    "memorysetup-profiler-editor-allocator-block-size=1048576"
    "memorysetup-temp-allocator-size-main=16777216"
    "memorysetup-job-temp-allocator-block-size=2097152"
    "memorysetup-job-temp-allocator-block-size-background=1048576"
    "memorysetup-job-temp-allocator-reduction-small-platforms=262144"
    "memorysetup-temp-allocator-size-background-worker=32768"
    "memorysetup-temp-allocator-size-job-worker=262144"
    "memorysetup-temp-allocator-size-preload-manager=33554432"
    "memorysetup-temp-allocator-size-nav-mesh-worker=65536"
    "memorysetup-temp-allocator-size-audio-worker=65536"
    "memorysetup-temp-allocator-size-cloud-worker=32768"
    "memorysetup-temp-allocator-size-gi-baking-worker=262144"
    "memorysetup-temp-allocator-size-gfx=262144"
Player connection [15160] Host "[IP] 192.168.100.2 [Port] 0 [Flags] 2 [Guid] 2821052727 [EditorId] 2821052727 [Version] 1048832 [Id] WindowsEditor(7,DESKTOP-MQ04F8O) [Debug] 1 [PackageName] WindowsEditor [ProjectName] Editor" joined multi-casting on [225.0.0.222:54997]...

Player connection [15160] Host "[IP] 192.168.100.2 [Port] 0 [Flags] 2 [Guid] 2821052727 [EditorId] 2821052727 [Version] 1048832 [Id] WindowsEditor(7,DESKTOP-MQ04F8O) [Debug] 1 [PackageName] WindowsEditor [ProjectName] Editor" joined alternative multi-casting on [225.0.0.222:34997]...

Refreshing native plugins compatible for Editor in 104.85 ms, found 3 plugins.
Preloading 0 native plugins for Editor in 0.00 ms.
Initialize engine version: 2021.3.16f1 (4016570cf34f)
[Subsystems] Discovering subsystems at path D:/Unity/2021.3.16f1/Editor/Data/Resources/UnitySubsystems
[Subsystems] Discovering subsystems at path C:/Users/Genius/UnRoom/Assets
GfxDevice: creating device client; threaded=0; jobified=0
Direct3D:
    Version:  Direct3D 11.0 [level 11.1]
    Renderer: NVIDIA GeForce GTX 1050 Ti (ID=0x1c82)
    Vendor:   NVIDIA
    VRAM:     4018 MB
    Driver:   31.0.15.1694
Initialize mono
Mono path[0] = 'D:/Unity/2021.3.16f1/Editor/Data/Managed'
Mono path[1] = 'D:/Unity/2021.3.16f1/Editor/Data/MonoBleedingEdge/lib/mono/unityjit-win32'
Mono config path = 'D:/Unity/2021.3.16f1/Editor/Data/MonoBleedingEdge/etc'
Using monoOptions --debugger-agent=transport=dt_socket,embedding=1,server=y,suspend=n,address=127.0.0.1:56972
Begin MonoManager ReloadAssembly
Registering precompiled unity dll's ...
Register platform support module: D:/Unity/2021.3.16f1/Editor/Data/PlaybackEngines/WebGLSupport/UnityEditor.WebGL.Extensions.dll
Register platform support module: D:/Unity/2021.3.16f1/Editor/Data/PlaybackEngines/WindowsStandaloneSupport/UnityEditor.WindowsStandalone.Extensions.dll
Registered in 0.004293 seconds.
Native extension for WindowsStandalone target not found
Native extension for WebGL target not found
Refreshing native plugins compatible for Editor in 99.64 ms, found 3 plugins.
Preloading 0 native plugins for Editor in 0.00 ms.
Mono: successfully reloaded assembly
- Completed reload, in  0.810 seconds
Domain Reload Profiling:
	ReloadAssembly (811ms)
		BeginReloadAssembly (103ms)
			ExecutionOrderSort (0ms)
			DisableScriptedObjects (0ms)
			BackupInstance (0ms)
			ReleaseScriptingObjects (0ms)
			CreateAndSetChildDomain (1ms)
		EndReloadAssembly (580ms)
			LoadAssemblies (103ms)
			RebuildTransferFunctionScriptingTraits (0ms)
			SetupTypeCache (136ms)
			ReleaseScriptCaches (0ms)
			RebuildScriptCaches (37ms)
			SetupLoadedEditorAssemblies (349ms)
				LogAssemblyErrors (0ms)
				InitializePlatformSupportModulesInManaged (10ms)
				SetLoadedEditorAssemblies (0ms)
				RefreshPlugins (100ms)
				BeforeProcessingInitializeOnLoad (2ms)
				ProcessInitializeOnLoadAttributes (168ms)
				ProcessInitializeOnLoadMethodAttributes (69ms)
				AfterProcessingInitializeOnLoad (0ms)
				EditorAssembliesLoaded (0ms)
			ExecutionOrderSort2 (0ms)
			AwakeInstancesAfterBackupRestoration (0ms)
Platform modules already initialized, skipping
Registering precompiled user dll's ...
Registered in 0.007521 seconds.
Begin MonoManager ReloadAssembly
Symbol file LoadedFromMemory doesn't match image C:\Users\Genius\UnRoom\Library\PackageCache\com.unity.visualscripting@1.7.8\Editor\VisualScripting.Core\Dependencies\YamlDotNet\Unity.VisualScripting.YamlDotNet.dll
Symbol file LoadedFromMemory doesn't match image C:\Users\Genius\UnRoom\Library\PackageCache\com.unity.visualscripting@1.7.8\Editor\VisualScripting.Core\Dependencies\DotNetZip\Unity.VisualScripting.IonicZip.dll
Native extension for WindowsStandalone target not found
Native extension for WebGL target not found
Refreshing native plugins compatible for Editor in 0.61 ms, found 3 plugins.
Preloading 0 native plugins for Editor in 0.00 ms.
Mono: successfully reloaded assembly
- Completed reload, in  1.602 seconds
Domain Reload Profiling:
	ReloadAssembly (1603ms)
		BeginReloadAssembly (139ms)
			ExecutionOrderSort (0ms)
			DisableScriptedObjects (7ms)
			BackupInstance (0ms)
			ReleaseScriptingObjects (0ms)
			CreateAndSetChildDomain (22ms)
		EndReloadAssembly (1329ms)
			LoadAssemblies (109ms)
			RebuildTransferFunctionScriptingTraits (0ms)
			SetupTypeCache (469ms)
			ReleaseScriptCaches (1ms)
			RebuildScriptCaches (84ms)
			SetupLoadedEditorAssemblies (595ms)
				LogAssemblyErrors (0ms)
				InitializePlatformSupportModulesInManaged (9ms)
				SetLoadedEditorAssemblies (1ms)
				RefreshPlugins (1ms)
				BeforeProcessingInitializeOnLoad (142ms)
				ProcessInitializeOnLoadAttributes (397ms)
				ProcessInitializeOnLoadMethodAttributes (39ms)
				AfterProcessingInitializeOnLoad (5ms)
				EditorAssembliesLoaded (0ms)
			ExecutionOrderSort2 (0ms)
			AwakeInstancesAfterBackupRestoration (9ms)
Platform modules already initialized, skipping
========================================================================
Worker process is ready to serve import requests
Launched and connected shader compiler UnityShaderCompiler.exe after 0.41 seconds
Refreshing native plugins compatible for Editor in 0.60 ms, found 3 plugins.
Preloading 0 native plugins for Editor in 0.00 ms.
Unloading 3363 Unused Serialized files (Serialized files now loaded: 0)
Unloading 26 unused Assets / (87.8 KB). Loaded Objects now: 3842.
Memory consumption went from 135.0 MB to 134.9 MB.
Total: 3.638100 ms (FindLiveObjects: 0.344100 ms CreateObjectMapping: 0.260400 ms MarkObjects: 2.901600 ms  DeleteObjects: 0.130800 ms)

AssetImportParameters requested are different than current active one (requested -> active):
  custom:video-decoder-ogg-theora: a1e56fd34408186e4bbccfd4996cb3dc -> 
  custom:container-muxer-webm: aa71ff27fc2769a1b78a27578f13a17b -> 
  custom:container-demuxer-webm: 4f35f7cbe854078d1ac9338744f61a02 -> 
  custom:video-encoder-webm-vp8: eb34c28f22e8b96e1ab97ce403110664 -> 
  custom:audio-encoder-webm-vorbis: bf7c407c2cedff20999df2af8eb42d56 -> 
  custom:framework-win-MediaFoundation: 216162199b28c13a410421893ffa2e32 -> 
  custom:container-demuxer-ogg: 62fdf1f143b41e24485cea50d1cbac27 -> 
  custom:video-decoder-webm-vp8: 9c59270c3fd7afecdb556c50c9e8de78 -> 
  custom:audio-decoder-ogg-vorbis: bf7c407c2cedff20999df2af8eb42d56 -> 
========================================================================
Received Import Request.
  Time since last request: 163386.418550 seconds.
  path: Assets/Models/Desk2.obj
  artifactKey: Guid(9604e413249d0f94184bfcb0e10ed73b) Importer(815301076,1909f56bfc062723c751e8b465ee728b)
Start importing Assets/Models/Desk2.obj using Guid(9604e413249d0f94184bfcb0e10ed73b) Importer(815301076,1909f56bfc062723c751e8b465ee728b)  -> (artifact id: 'd7c1a8fff459aec32062a38389e709cf') in 0.868364 seconds 
========================================================================
Received Import Request.
  Time since last request: 1721.572239 seconds.
  path: Assets/Materials/Inside Glass.mat
  artifactKey: Guid(d38443d5805daf14e97046067e8bf26c) Importer(815301076,1909f56bfc062723c751e8b465ee728b)
Start importing Assets/Materials/Inside Glass.mat using Guid(d38443d5805daf14e97046067e8bf26c) Importer(815301076,1909f56bfc062723c751e8b465ee728b)  -> (artifact id: 'ae093d53fa20fdc9240187c980ba8667') in 0.026769 seconds 
========================================================================
Received Import Request.
  Time since last request: 54.108626 seconds.
  path: Assets/Textures/glass inside.jpg
  artifactKey: Guid(e5a028b083124124fbe3778254927a0b) Importer(815301076,1909f56bfc062723c751e8b465ee728b)
Start importing Assets/Textures/glass inside.jpg using Guid(e5a028b083124124fbe3778254927a0b) Importer(815301076,1909f56bfc062723c751e8b465ee728b)  -> (artifact id: '997d56b9b039d4d7772cb395e9d5a0f3') in 0.043187 seconds 
========================================================================
Received Import Request.
  Time since last request: 181.918356 seconds.
  path: Assets/Textures/Door Glass.jpg
  artifactKey: Guid(68c88c55a1b82634d8054bf9d12af7d9) Importer(815301076,1909f56bfc062723c751e8b465ee728b)
Start importing Assets/Textures/Door Glass.jpg using Guid(68c88c55a1b82634d8054bf9d12af7d9) Importer(815301076,1909f56bfc062723c751e8b465ee728b)  -> (artifact id: '9b9b793d83232f027da8355b005bcbfd') in 0.020949 seconds 
========================================================================
Received Import Request.
  Time since last request: 29.255198 seconds.
  path: Assets/Materials/Door Glass.mat
  artifactKey: Guid(92e862765b12b1543999bfc108abfa29) Importer(815301076,1909f56bfc062723c751e8b465ee728b)
Start importing Assets/Materials/Door Glass.mat using Guid(92e862765b12b1543999bfc108abfa29) Importer(815301076,1909f56bfc062723c751e8b465ee728b)  -> (artifact id: '3f942c544b7002fdd5c7a1a8822bec08') in 0.017822 seconds 
========================================================================
Received Import Request.
  Time since last request: 108.861838 seconds.
  path: Assets/Materials/Silver Metal.mat
  artifactKey: Guid(00bf1da92202ace438aaaf632a9b2cd7) Importer(815301076,1909f56bfc062723c751e8b465ee728b)
Start importing Assets/Materials/Silver Metal.mat using Guid(00bf1da92202ace438aaaf632a9b2cd7) Importer(815301076,1909f56bfc062723c751e8b465ee728b)  -> (artifact id: '4dbc1180398bd26e31df4125cd4dbc7c') in 0.016802 seconds 
========================================================================
Received Import Request.
  Time since last request: 3511.960325 seconds.
  path: Assets/Models/window.obj
  artifactKey: Guid(e30ab776f66779646a6ce1abf834de04) Importer(815301076,1909f56bfc062723c751e8b465ee728b)
Start importing Assets/Models/window.obj using Guid(e30ab776f66779646a6ce1abf834de04) Importer(815301076,1909f56bfc062723c751e8b465ee728b)  -> (artifact id: '8f918369ca3411201292d8a17e033daf') in 0.191445 seconds 
========================================================================
Received Import Request.
  Time since last request: 61.376924 seconds.
  path: Assets/Models/window.obj
  artifactKey: Guid(e30ab776f66779646a6ce1abf834de04) Importer(815301076,1909f56bfc062723c751e8b465ee728b)
Start importing Assets/Models/window.obj using Guid(e30ab776f66779646a6ce1abf834de04) Importer(815301076,1909f56bfc062723c751e8b465ee728b)  -> (artifact id: 'b0fd1cd05c901cd9c78ba3493a747ff1') in 0.044811 seconds 
========================================================================
Received Import Request.
  Time since last request: 148.219781 seconds.
  path: Assets/Textures/outside glass.jpg
  artifactKey: Guid(c6a8e98c7b1c92240b18aa6773ddf49b) Importer(815301076,1909f56bfc062723c751e8b465ee728b)
Start importing Assets/Textures/outside glass.jpg using Guid(c6a8e98c7b1c92240b18aa6773ddf49b) Importer(815301076,1909f56bfc062723c751e8b465ee728b)  -> (artifact id: 'b22b40c3cd5355592e0cde0437d14a03') in 0.035965 seconds 
========================================================================
Received Import Request.
  Time since last request: 26.879549 seconds.
  path: Assets/Materials/Outside Glass.mat
  artifactKey: Guid(9671a710d75bc1046ad0f87892678751) Importer(815301076,1909f56bfc062723c751e8b465ee728b)
Start importing Assets/Materials/Outside Glass.mat using Guid(9671a710d75bc1046ad0f87892678751) Importer(815301076,1909f56bfc062723c751e8b465ee728b)  -> (artifact id: 'b9f2ae54b0947198e8badbfaa7cab6f9') in 0.020522 seconds 
========================================================================
Received Import Request.
  Time since last request: 706.923403 seconds.
  path: Assets/Models/inside window.obj
  artifactKey: Guid(78c9b0e617cab564c82d0623a262feff) Importer(815301076,1909f56bfc062723c751e8b465ee728b)
Start importing Assets/Models/inside window.obj using Guid(78c9b0e617cab564c82d0623a262feff) Importer(815301076,1909f56bfc062723c751e8b465ee728b)  -> (artifact id: '87a10b73dd6b9a60972fa077f9b612bf') in 0.053237 seconds 
========================================================================
Received Import Request.
  Time since last request: 548.590457 seconds.
  path: Assets/Models/inside window.obj
  artifactKey: Guid(78c9b0e617cab564c82d0623a262feff) Importer(815301076,1909f56bfc062723c751e8b465ee728b)
Start importing Assets/Models/inside window.obj using Guid(78c9b0e617cab564c82d0623a262feff) Importer(815301076,1909f56bfc062723c751e8b465ee728b)  -> (artifact id: '76bc237121dfd935437bd635fac5bfed') in 0.048954 seconds 
========================================================================
Received Prepare
Registering precompiled user dll's ...
Registered in 0.007064 seconds.
Begin MonoManager ReloadAssembly
Symbol file LoadedFromMemory doesn't match image C:\Users\Genius\UnRoom\Library\PackageCache\com.unity.visualscripting@1.7.8\Editor\VisualScripting.Core\Dependencies\YamlDotNet\Unity.VisualScripting.YamlDotNet.dll
Symbol file LoadedFromMemory doesn't match image C:\Users\Genius\UnRoom\Library\PackageCache\com.unity.visualscripting@1.7.8\Editor\VisualScripting.Core\Dependencies\DotNetZip\Unity.VisualScripting.IonicZip.dll
Native extension for WindowsStandalone target not found
Native extension for WebGL target not found
Refreshing native plugins compatible for Editor in 0.76 ms, found 3 plugins.
Preloading 0 native plugins for Editor in 0.00 ms.
Mono: successfully reloaded assembly
- Completed reload, in  3.416 seconds
Domain Reload Profiling:
	ReloadAssembly (3417ms)
		BeginReloadAssembly (1472ms)
			ExecutionOrderSort (0ms)
			DisableScriptedObjects (12ms)
			BackupInstance (0ms)
			ReleaseScriptingObjects (0ms)
			CreateAndSetChildDomain (1171ms)
		EndReloadAssembly (1546ms)
			LoadAssemblies (186ms)
			RebuildTransferFunctionScriptingTraits (0ms)
			SetupTypeCache (503ms)
			ReleaseScriptCaches (3ms)
			RebuildScriptCaches (80ms)
			SetupLoadedEditorAssemblies (729ms)
				LogAssemblyErrors (0ms)
				InitializePlatformSupportModulesInManaged (21ms)
				SetLoadedEditorAssemblies (1ms)
				RefreshPlugins (1ms)
				BeforeProcessingInitializeOnLoad (225ms)
				ProcessInitializeOnLoadAttributes (431ms)
				ProcessInitializeOnLoadMethodAttributes (44ms)
				AfterProcessingInitializeOnLoad (6ms)
				EditorAssembliesLoaded (0ms)
			ExecutionOrderSort2 (0ms)
			AwakeInstancesAfterBackupRestoration (11ms)
Platform modules already initialized, skipping
Refreshing native plugins compatible for Editor in 3.06 ms, found 3 plugins.
Preloading 0 native plugins for Editor in 0.00 ms.
Unloading 3358 Unused Serialized files (Serialized files now loaded: 0)
Unloading 20 unused Assets / (80.5 KB). Loaded Objects now: 3892.
Memory consumption went from 139.9 MB to 139.8 MB.
Total: 7.294400 ms (FindLiveObjects: 0.661500 ms CreateObjectMapping: 0.300300 ms MarkObjects: 6.168400 ms  DeleteObjects: 0.162800 ms)

AssetImportParameters requested are different than current active one (requested -> active):
  custom:video-decoder-ogg-theora: a1e56fd34408186e4bbccfd4996cb3dc -> 
  custom:container-muxer-webm: aa71ff27fc2769a1b78a27578f13a17b -> 
  custom:container-demuxer-webm: 4f35f7cbe854078d1ac9338744f61a02 -> 
  custom:video-encoder-webm-vp8: eb34c28f22e8b96e1ab97ce403110664 -> 
  custom:audio-encoder-webm-vorbis: bf7c407c2cedff20999df2af8eb42d56 -> 
  custom:framework-win-MediaFoundation: 216162199b28c13a410421893ffa2e32 -> 
  custom:container-demuxer-ogg: 62fdf1f143b41e24485cea50d1cbac27 -> 
  custom:video-decoder-webm-vp8: 9c59270c3fd7afecdb556c50c9e8de78 -> 
  custom:audio-decoder-ogg-vorbis: bf7c407c2cedff20999df2af8eb42d56 -> 
========================================================================
Received Import Request.
  Time since last request: 758.851679 seconds.
  path: Assets/Models/desk.obj
  artifactKey: Guid(224820817c4ca594185214edfa77edd9) Importer(815301076,1909f56bfc062723c751e8b465ee728b)
Start importing Assets/Models/desk.obj using Guid(224820817c4ca594185214edfa77edd9) Importer(815301076,1909f56bfc062723c751e8b465ee728b)  -> (artifact id: '5b289eb054a60c27345de10917995e71') in 0.188037 seconds 
========================================================================
Received Import Request.
  Time since last request: 302.444791 seconds.
  path: Assets/Models/Desk2.obj
  artifactKey: Guid(9604e413249d0f94184bfcb0e10ed73b) Importer(815301076,1909f56bfc062723c751e8b465ee728b)
Start importing Assets/Models/Desk2.obj using Guid(9604e413249d0f94184bfcb0e10ed73b) Importer(815301076,1909f56bfc062723c751e8b465ee728b)  -> (artifact id: 'ca00f42380fbaa8dfb54952b0b797524') in 0.062637 seconds 
========================================================================
Received Prepare
Registering precompiled user dll's ...
Registered in 0.007700 seconds.
Begin MonoManager ReloadAssembly
Symbol file LoadedFromMemory doesn't match image C:\Users\Genius\UnRoom\Library\PackageCache\com.unity.visualscripting@1.7.8\Editor\VisualScripting.Core\Dependencies\YamlDotNet\Unity.VisualScripting.YamlDotNet.dll
Symbol file LoadedFromMemory doesn't match image C:\Users\Genius\UnRoom\Library\PackageCache\com.unity.visualscripting@1.7.8\Editor\VisualScripting.Core\Dependencies\DotNetZip\Unity.VisualScripting.IonicZip.dll
Native extension for WindowsStandalone target not found
Native extension for WebGL target not found
Refreshing native plugins compatible for Editor in 0.61 ms, found 3 plugins.
Preloading 0 native plugins for Editor in 0.00 ms.
Mono: successfully reloaded assembly
- Completed reload, in  1.956 seconds
Domain Reload Profiling:
	ReloadAssembly (1957ms)
		BeginReloadAssembly (191ms)
			ExecutionOrderSort (0ms)
			DisableScriptedObjects (8ms)
			BackupInstance (0ms)
			ReleaseScriptingObjects (0ms)
			CreateAndSetChildDomain (49ms)
		EndReloadAssembly (1524ms)
			LoadAssemblies (151ms)
			RebuildTransferFunctionScriptingTraits (0ms)
			SetupTypeCache (609ms)
			ReleaseScriptCaches (2ms)
			RebuildScriptCaches (74ms)
			SetupLoadedEditorAssemblies (600ms)
				LogAssemblyErrors (0ms)
				InitializePlatformSupportModulesInManaged (23ms)
				SetLoadedEditorAssemblies (1ms)
				RefreshPlugins (1ms)
				BeforeProcessingInitializeOnLoad (127ms)
				ProcessInitializeOnLoadAttributes (398ms)
				ProcessInitializeOnLoadMethodAttributes (42ms)
				AfterProcessingInitializeOnLoad (7ms)
				EditorAssembliesLoaded (1ms)
			ExecutionOrderSort2 (0ms)
			AwakeInstancesAfterBackupRestoration (13ms)
Platform modules already initialized, skipping
Refreshing native plugins compatible for Editor in 2.56 ms, found 3 plugins.
Preloading 0 native plugins for Editor in 0.00 ms.
Unloading 3358 Unused Serialized files (Serialized files now loaded: 0)
Unloading 20 unused Assets / (80.5 KB). Loaded Objects now: 3895.
Memory consumption went from 139.9 MB to 139.8 MB.
Total: 5.626500 ms (FindLiveObjects: 0.999800 ms CreateObjectMapping: 0.621400 ms MarkObjects: 3.882700 ms  DeleteObjects: 0.121200 ms)

AssetImportParameters requested are different than current active one (requested -> active):
  custom:video-decoder-ogg-theora: a1e56fd34408186e4bbccfd4996cb3dc -> 
  custom:container-muxer-webm: aa71ff27fc2769a1b78a27578f13a17b -> 
  custom:container-demuxer-webm: 4f35f7cbe854078d1ac9338744f61a02 -> 
  custom:video-encoder-webm-vp8: eb34c28f22e8b96e1ab97ce403110664 -> 
  custom:audio-encoder-webm-vorbis: bf7c407c2cedff20999df2af8eb42d56 -> 
  custom:framework-win-MediaFoundation: 216162199b28c13a410421893ffa2e32 -> 
  custom:container-demuxer-ogg: 62fdf1f143b41e24485cea50d1cbac27 -> 
  custom:video-decoder-webm-vp8: 9c59270c3fd7afecdb556c50c9e8de78 -> 
  custom:audio-decoder-ogg-vorbis: bf7c407c2cedff20999df2af8eb42d56 -> 
========================================================================
Received Prepare
Registering precompiled user dll's ...
Registered in 0.007339 seconds.
Begin MonoManager ReloadAssembly
Symbol file LoadedFromMemory doesn't match image C:\Users\Genius\UnRoom\Library\PackageCache\com.unity.visualscripting@1.7.8\Editor\VisualScripting.Core\Dependencies\YamlDotNet\Unity.VisualScripting.YamlDotNet.dll
Symbol file LoadedFromMemory doesn't match image C:\Users\Genius\UnRoom\Library\PackageCache\com.unity.visualscripting@1.7.8\Editor\VisualScripting.Core\Dependencies\DotNetZip\Unity.VisualScripting.IonicZip.dll
Native extension for WindowsStandalone target not found
Native extension for WebGL target not found
Refreshing native plugins compatible for Editor in 0.60 ms, found 3 plugins.
Preloading 0 native plugins for Editor in 0.00 ms.
Mono: successfully reloaded assembly
- Completed reload, in  1.862 seconds
Domain Reload Profiling:
	ReloadAssembly (1864ms)
		BeginReloadAssembly (163ms)
			ExecutionOrderSort (0ms)
			DisableScriptedObjects (7ms)
			BackupInstance (0ms)
			ReleaseScriptingObjects (0ms)
			CreateAndSetChildDomain (42ms)
		EndReloadAssembly (1568ms)
			LoadAssemblies (129ms)
			RebuildTransferFunctionScriptingTraits (0ms)
			SetupTypeCache (596ms)
			ReleaseScriptCaches (2ms)
			RebuildScriptCaches (102ms)
			SetupLoadedEditorAssemblies (620ms)
				LogAssemblyErrors (0ms)
				InitializePlatformSupportModulesInManaged (23ms)
				SetLoadedEditorAssemblies (1ms)
				RefreshPlugins (1ms)
				BeforeProcessingInitializeOnLoad (114ms)
				ProcessInitializeOnLoadAttributes (431ms)
				ProcessInitializeOnLoadMethodAttributes (43ms)
				AfterProcessingInitializeOnLoad (6ms)
				EditorAssembliesLoaded (0ms)
			ExecutionOrderSort2 (0ms)
			AwakeInstancesAfterBackupRestoration (12ms)
Platform modules already initialized, skipping
Refreshing native plugins compatible for Editor in 3.04 ms, found 3 plugins.
Preloading 0 native plugins for Editor in 0.00 ms.
Unloading 3358 Unused Serialized files (Serialized files now loaded: 0)
Unloading 20 unused Assets / (80.6 KB). Loaded Objects now: 3898.
Memory consumption went from 139.8 MB to 139.7 MB.
Total: 4.973100 ms (FindLiveObjects: 0.292100 ms CreateObjectMapping: 0.594300 ms MarkObjects: 3.952900 ms  DeleteObjects: 0.132500 ms)

AssetImportParameters requested are different than current active one (requested -> active):
  custom:video-decoder-ogg-theora: a1e56fd34408186e4bbccfd4996cb3dc -> 
  custom:container-muxer-webm: aa71ff27fc2769a1b78a27578f13a17b -> 
  custom:container-demuxer-webm: 4f35f7cbe854078d1ac9338744f61a02 -> 
  custom:video-encoder-webm-vp8: eb34c28f22e8b96e1ab97ce403110664 -> 
  custom:audio-encoder-webm-vorbis: bf7c407c2cedff20999df2af8eb42d56 -> 
  custom:framework-win-MediaFoundation: 216162199b28c13a410421893ffa2e32 -> 
  custom:container-demuxer-ogg: 62fdf1f143b41e24485cea50d1cbac27 -> 
  custom:video-decoder-webm-vp8: 9c59270c3fd7afecdb556c50c9e8de78 -> 
  custom:audio-decoder-ogg-vorbis: bf7c407c2cedff20999df2af8eb42d56 -> 
========================================================================
Received Import Request.
  Time since last request: 675.368334 seconds.
  path: Assets/Models/desk3.obj
  artifactKey: Guid(5e0a4df2b7f1883459d9705922747a6d) Importer(815301076,1909f56bfc062723c751e8b465ee728b)
Start importing Assets/Models/desk3.obj using Guid(5e0a4df2b7f1883459d9705922747a6d) Importer(815301076,1909f56bfc062723c751e8b465ee728b)  -> (artifact id: '9562dc189faad90c802729520a539765') in 0.169915 seconds 
========================================================================
Received Import Request.
  Time since last request: 725.903504 seconds.
  path: Assets/Models/Desk1.obj
  artifactKey: Guid(acd5889f911bea44fade1a1d7bc4d080) Importer(815301076,1909f56bfc062723c751e8b465ee728b)
Start importing Assets/Models/Desk1.obj using Guid(acd5889f911bea44fade1a1d7bc4d080) Importer(815301076,1909f56bfc062723c751e8b465ee728b)  -> (artifact id: 'baa965dca09871dee53bbb0d0d57a91f') in 0.032828 seconds 
========================================================================
Received Import Request.
  Time since last request: 363.137800 seconds.
  path: Assets/Models/Desk1.obj
  artifactKey: Guid(acd5889f911bea44fade1a1d7bc4d080) Importer(815301076,1909f56bfc062723c751e8b465ee728b)
Start importing Assets/Models/Desk1.obj using Guid(acd5889f911bea44fade1a1d7bc4d080) Importer(815301076,1909f56bfc062723c751e8b465ee728b)  -> (artifact id: '834afb7d96387b2ccc795ec33c0173a8') in 0.055372 seconds 
========================================================================
Received Import Request.
  Time since last request: 11.886317 seconds.
  path: Assets/Models/Desk1.obj
  artifactKey: Guid(acd5889f911bea44fade1a1d7bc4d080) Importer(815301076,1909f56bfc062723c751e8b465ee728b)
Start importing Assets/Models/Desk1.obj using Guid(acd5889f911bea44fade1a1d7bc4d080) Importer(815301076,1909f56bfc062723c751e8b465ee728b)  -> (artifact id: '269fcd92c807d09bafd894e3abe0708a') in 0.032822 seconds 
========================================================================
Received Import Request.
  Time since last request: 6.811930 seconds.
  path: Assets/Models/Desk1.obj
  artifactKey: Guid(acd5889f911bea44fade1a1d7bc4d080) Importer(815301076,1909f56bfc062723c751e8b465ee728b)
Start importing Assets/Models/Desk1.obj using Guid(acd5889f911bea44fade1a1d7bc4d080) Importer(815301076,1909f56bfc062723c751e8b465ee728b)  -> (artifact id: 'a24f14b46532a4648d8d30b97911e4e4') in 0.032134 seconds 
========================================================================
Received Import Request.
  Time since last request: 4.733069 seconds.
  path: Assets/Models/Desk1.obj
  artifactKey: Guid(acd5889f911bea44fade1a1d7bc4d080) Importer(815301076,1909f56bfc062723c751e8b465ee728b)
Start importing Assets/Models/Desk1.obj using Guid(acd5889f911bea44fade1a1d7bc4d080) Importer(815301076,1909f56bfc062723c751e8b465ee728b)  -> (artifact id: '478d74e822d2f88e561baeb6634e2727') in 0.031157 seconds 
========================================================================
Received Import Request.
  Time since last request: 4.516681 seconds.
  path: Assets/Models/Desk1.obj
  artifactKey: Guid(acd5889f911bea44fade1a1d7bc4d080) Importer(815301076,1909f56bfc062723c751e8b465ee728b)
Start importing Assets/Models/Desk1.obj using Guid(acd5889f911bea44fade1a1d7bc4d080) Importer(815301076,1909f56bfc062723c751e8b465ee728b)  -> (artifact id: 'a11b994b16961a0bb733a6457c58effa') in 0.038047 seconds 
========================================================================
Received Import Request.
  Time since last request: 401.401484 seconds.
  path: Assets/Models/Desk1.obj
  artifactKey: Guid(acd5889f911bea44fade1a1d7bc4d080) Importer(815301076,1909f56bfc062723c751e8b465ee728b)
Start importing Assets/Models/Desk1.obj using Guid(acd5889f911bea44fade1a1d7bc4d080) Importer(815301076,1909f56bfc062723c751e8b465ee728b)  -> (artifact id: '6e21e43adf37f127fc114204c0fde19a') in 0.041559 seconds 
========================================================================
Received Prepare
Registering precompiled user dll's ...
Registered in 0.007580 seconds.
Begin MonoManager ReloadAssembly
Symbol file LoadedFromMemory doesn't match image C:\Users\Genius\UnRoom\Library\PackageCache\com.unity.visualscripting@1.7.8\Editor\VisualScripting.Core\Dependencies\YamlDotNet\Unity.VisualScripting.YamlDotNet.dll
Symbol file LoadedFromMemory doesn't match image C:\Users\Genius\UnRoom\Library\PackageCache\com.unity.visualscripting@1.7.8\Editor\VisualScripting.Core\Dependencies\DotNetZip\Unity.VisualScripting.IonicZip.dll
Native extension for WindowsStandalone target not found
Native extension for WebGL target not found
Refreshing native plugins compatible for Editor in 0.66 ms, found 3 plugins.
Preloading 0 native plugins for Editor in 0.00 ms.
Mono: successfully reloaded assembly
- Completed reload, in  1.936 seconds
Domain Reload Profiling:
	ReloadAssembly (1937ms)
		BeginReloadAssembly (340ms)
			ExecutionOrderSort (0ms)
			DisableScriptedObjects (8ms)
			BackupInstance (0ms)
			ReleaseScriptingObjects (0ms)
			CreateAndSetChildDomain (118ms)
		EndReloadAssembly (1422ms)
			LoadAssemblies (211ms)
			RebuildTransferFunctionScriptingTraits (0ms)
			SetupTypeCache (534ms)
			ReleaseScriptCaches (4ms)
			RebuildScriptCaches (90ms)
			SetupLoadedEditorAssemblies (568ms)
				LogAssemblyErrors (0ms)
				InitializePlatformSupportModulesInManaged (24ms)
				SetLoadedEditorAssemblies (1ms)
				RefreshPlugins (1ms)
				BeforeProcessingInitializeOnLoad (115ms)
				ProcessInitializeOnLoadAttributes (380ms)
				ProcessInitializeOnLoadMethodAttributes (43ms)
				AfterProcessingInitializeOnLoad (4ms)
				EditorAssembliesLoaded (0ms)
			ExecutionOrderSort2 (0ms)
			AwakeInstancesAfterBackupRestoration (10ms)
Platform modules already initialized, skipping
Refreshing native plugins compatible for Editor in 3.11 ms, found 3 plugins.
Preloading 0 native plugins for Editor in 0.00 ms.
Unloading 3358 Unused Serialized files (Serialized files now loaded: 0)
Unloading 20 unused Assets / (80.7 KB). Loaded Objects now: 3901.
Memory consumption went from 139.9 MB to 139.8 MB.
Total: 4.640600 ms (FindLiveObjects: 0.292600 ms CreateObjectMapping: 0.193700 ms MarkObjects: 4.039400 ms  DeleteObjects: 0.113400 ms)

AssetImportParameters requested are different than current active one (requested -> active):
  custom:video-decoder-ogg-theora: a1e56fd34408186e4bbccfd4996cb3dc -> 
  custom:container-muxer-webm: aa71ff27fc2769a1b78a27578f13a17b -> 
  custom:container-demuxer-webm: 4f35f7cbe854078d1ac9338744f61a02 -> 
  custom:video-encoder-webm-vp8: eb34c28f22e8b96e1ab97ce403110664 -> 
  custom:audio-encoder-webm-vorbis: bf7c407c2cedff20999df2af8eb42d56 -> 
  custom:framework-win-MediaFoundation: 216162199b28c13a410421893ffa2e32 -> 
  custom:container-demuxer-ogg: 62fdf1f143b41e24485cea50d1cbac27 -> 
  custom:video-decoder-webm-vp8: 9c59270c3fd7afecdb556c50c9e8de78 -> 
  custom:audio-decoder-ogg-vorbis: bf7c407c2cedff20999df2af8eb42d56 -> 
========================================================================
Received Import Request.
  Time since last request: 345.191207 seconds.
  path: Assets/Materials/Door Glass.mat
  artifactKey: Guid(92e862765b12b1543999bfc108abfa29) Importer(815301076,1909f56bfc062723c751e8b465ee728b)
Start importing Assets/Materials/Door Glass.mat using Guid(92e862765b12b1543999bfc108abfa29) Importer(815301076,1909f56bfc062723c751e8b465ee728b)  -> (artifact id: 'dff878a9e69f6b5c33beec91c12e0579') in 0.113658 seconds 
========================================================================
Received Import Request.
  Time since last request: 0.000046 seconds.
  path: Assets/Materials/Outside Glass.mat
  artifactKey: Guid(9671a710d75bc1046ad0f87892678751) Importer(815301076,1909f56bfc062723c751e8b465ee728b)
Start importing Assets/Materials/Outside Glass.mat using Guid(9671a710d75bc1046ad0f87892678751) Importer(815301076,1909f56bfc062723c751e8b465ee728b)  -> (artifact id: '4ff2c9cc554a2f4abe38043f0109addf') in 0.264927 seconds 
========================================================================
Received Import Request.
  Time since last request: 0.000094 seconds.
  path: Assets/Materials/Silver Metal.mat
  artifactKey: Guid(00bf1da92202ace438aaaf632a9b2cd7) Importer(815301076,1909f56bfc062723c751e8b465ee728b)
Start importing Assets/Materials/Silver Metal.mat using Guid(00bf1da92202ace438aaaf632a9b2cd7) Importer(815301076,1909f56bfc062723c751e8b465ee728b)  -> (artifact id: '5c0ecedbe3505d5235898b8979b0b25b') in 0.018249 seconds 
========================================================================
Received Import Request.
  Time since last request: 0.000028 seconds.
  path: Assets/Materials/Inside Glass.mat
  artifactKey: Guid(d38443d5805daf14e97046067e8bf26c) Importer(815301076,1909f56bfc062723c751e8b465ee728b)
Start importing Assets/Materials/Inside Glass.mat using Guid(d38443d5805daf14e97046067e8bf26c) Importer(815301076,1909f56bfc062723c751e8b465ee728b)  -> (artifact id: '1bbe3053767c50cbe3ceb7af62ba6bf9') in 0.017587 seconds 
